Sat Aug 29 02:41:26 2020       
+-----------------------------------------------------------------------------+
| NVIDIA-SMI 440.33.01    Driver Version: 440.33.01    CUDA Version: 10.2     |
|-------------------------------+----------------------+----------------------+
| GPU  Name        Persistence-M| Bus-Id        Disp.A | Volatile Uncorr. ECC |
| Fan  Temp  Perf  Pwr:Usage/Cap|         Memory-Usage | GPU-Util  Compute M. |
|===============================+======================+======================|
|   0  Tesla P100-PCIE...  Off  | 00000000:04:00.0 Off |                    0 |
| N/A   20C    P0    28W / 250W |      0MiB / 16280MiB |      0%      Default |
+-------------------------------+----------------------+----------------------+
                                                                               
+-----------------------------------------------------------------------------+
| Processes:                                                       GPU Memory |
|  GPU       PID   Type   Process name                             Usage      |
|=============================================================================|
|  No running processes found                                                 |
+-----------------------------------------------------------------------------+
Environment activated, running file....
/central/groups/tensorlab/rbao/robosurgery/balint_data/classification_data/FG/01111000_BSP_2_FG_01.mp4
=> using pre-trained model 'flownets'
/central/groups/tensorlab/rbao/robosurgery/balint_data/classification_data/FG/00010110_BSP_3_FG_02.mp4
=> using pre-trained model 'flownets'
/central/groups/tensorlab/rbao/robosurgery/balint_data/classification_data/FG/01011111_BSP_2_FG_01.mp4
=> using pre-trained model 'flownets'
/central/groups/tensorlab/rbao/robosurgery/balint_data/classification_data/FG/00010110_BSP_3_FG_04.mp4
=> using pre-trained model 'flownets'
/central/groups/tensorlab/rbao/robosurgery/balint_data/classification_data/FG/00010110_BSP_3_FG_03.mp4
=> using pre-trained model 'flownets'
/central/groups/tensorlab/rbao/robosurgery/balint_data/classification_data/FG/01111000_BSP_3_FG_04.mp4
=> using pre-trained model 'flownets'
/central/groups/tensorlab/rbao/robosurgery/balint_data/classification_data/FG/00010110_BSP_3_FG_01.mp4
=> using pre-trained model 'flownets'
/central/groups/tensorlab/rbao/robosurgery/balint_data/classification_data/FG/00010110_BSP_3_FG_05.mp4
=> using pre-trained model 'flownets'
/central/groups/tensorlab/rbao/robosurgery/balint_data/classification_data/FG/01111000_BSP_2_FG_03.mp4
=> using pre-trained model 'flownets'
/central/groups/tensorlab/rbao/robosurgery/balint_data/classification_data/FG/01111000_BSP_3_FG_02.mp4
=> using pre-trained model 'flownets'
/central/groups/tensorlab/rbao/robosurgery/balint_data/classification_data/FG/01111000_BSP_3_FG_01.mp4
=> using pre-trained model 'flownets'
/central/groups/tensorlab/rbao/robosurgery/balint_data/classification_data/FG/01111000_BSP_3_FG_05.mp4
=> using pre-trained model 'flownets'
/central/groups/tensorlab/rbao/robosurgery/balint_data/classification_data/FG/01111000_BSP_2_FG_02.mp4
=> using pre-trained model 'flownets'
/central/groups/tensorlab/rbao/robosurgery/balint_data/classification_data/FG/01111000_BSP_2_FG_04.mp4
=> using pre-trained model 'flownets'
/central/groups/tensorlab/rbao/robosurgery/balint_data/classification_data/FG/01111000_BSP_2_FG_05.mp4
=> using pre-trained model 'flownets'
/central/groups/tensorlab/rbao/robosurgery/balint_data/classification_data/FG/01011111_BSP_2_FG_02.mp4
=> using pre-trained model 'flownets'
/central/groups/tensorlab/rbao/robosurgery/balint_data/classification_data/FG/01111000_BSP_2_FG_06.mp4
=> using pre-trained model 'flownets'
/central/groups/tensorlab/rbao/robosurgery/balint_data/classification_data/FG/01111000_BSP_3_FG_06.mp4
=> using pre-trained model 'flownets'
/central/groups/tensorlab/rbao/robosurgery/balint_data/classification_data/FG/01111000_BSP_3_FG_03.mp4
=> using pre-trained model 'flownets'
/central/groups/tensorlab/rbao/robosurgery/balint_data/classification_data/FG/00010110_BSP_3_FG_06.mp4
=> using pre-trained model 'flownets'
/central/groups/tensorlab/rbao/robosurgery/balint_data/classification_data/AB/01111000_BSP_3_AB_04.mp4
=> using pre-trained model 'flownets'
/central/groups/tensorlab/rbao/robosurgery/balint_data/classification_data/AB/01111000_BSP_2_AB_02.mp4
=> using pre-trained model 'flownets'
/central/groups/tensorlab/rbao/robosurgery/balint_data/classification_data/AB/01111000_BSP_2_AB_06.mp4
=> using pre-trained model 'flownets'
/central/groups/tensorlab/rbao/robosurgery/balint_data/classification_data/AB/00010110_BSP_3_AB_06.mp4
=> using pre-trained model 'flownets'
/central/groups/tensorlab/rbao/robosurgery/balint_data/classification_data/AB/01111000_BSP_3_AB_01.mp4
=> using pre-trained model 'flownets'
/central/groups/tensorlab/rbao/robosurgery/balint_data/classification_data/AB/00010110_BSP_3_AB_05.mp4
=> using pre-trained model 'flownets'
/central/groups/tensorlab/rbao/robosurgery/balint_data/classification_data/AB/01111000_BSP_2_AB_03.mp4
=> using pre-trained model 'flownets'
/central/groups/tensorlab/rbao/robosurgery/balint_data/classification_data/AB/01111000_BSP_3_AB_02.mp4
=> using pre-trained model 'flownets'
/central/groups/tensorlab/rbao/robosurgery/balint_data/classification_data/AB/01111000_BSP_2_AB_04.mp4
=> using pre-trained model 'flownets'
/central/groups/tensorlab/rbao/robosurgery/balint_data/classification_data/AB/00010110_BSP_3_AB_01.mp4
=> using pre-trained model 'flownets'
/central/groups/tensorlab/rbao/robosurgery/balint_data/classification_data/AB/01111000_BSP_3_AB_03.mp4
=> using pre-trained model 'flownets'
/central/groups/tensorlab/rbao/robosurgery/balint_data/classification_data/AB/01111000_BSP_2_AB_01.mp4
=> using pre-trained model 'flownets'
/central/groups/tensorlab/rbao/robosurgery/balint_data/classification_data/AB/01011111_BSP_2_AB_01.mp4
=> using pre-trained model 'flownets'
/central/groups/tensorlab/rbao/robosurgery/balint_data/classification_data/AB/00010110_BSP_3_AB_04.mp4
=> using pre-trained model 'flownets'
/central/groups/tensorlab/rbao/robosurgery/balint_data/classification_data/AB/01111000_BSP_3_AB_06.mp4
=> using pre-trained model 'flownets'
/central/groups/tensorlab/rbao/robosurgery/balint_data/classification_data/AB/01111000_BSP_3_AB_05.mp4
=> using pre-trained model 'flownets'
/central/groups/tensorlab/rbao/robosurgery/balint_data/classification_data/AB/00010110_BSP_3_AB_03.mp4
=> using pre-trained model 'flownets'
/central/groups/tensorlab/rbao/robosurgery/balint_data/classification_data/AB/01011111_BSP_2_AB_03.mp4
=> using pre-trained model 'flownets'
/central/groups/tensorlab/rbao/robosurgery/balint_data/classification_data/AB/00010110_BSP_3_AB_02.mp4
=> using pre-trained model 'flownets'
/central/groups/tensorlab/rbao/robosurgery/balint_data/classification_data/AB/01011111_BSP_2_AB_02.mp4
=> using pre-trained model 'flownets'
/central/groups/tensorlab/rbao/robosurgery/balint_data/classification_data/AB/01111000_BSP_2_AB_05.mp4
=> using pre-trained model 'flownets'
/central/groups/tensorlab/rbao/robosurgery/balint_data/classification_data/CD/00010110_BSP_3_CD_06.mp4
=> using pre-trained model 'flownets'
/central/groups/tensorlab/rbao/robosurgery/balint_data/classification_data/CD/01111000_BSP_2_CD_04.mp4
=> using pre-trained model 'flownets'
/central/groups/tensorlab/rbao/robosurgery/balint_data/classification_data/CD/01111000_BSP_2_CD_03.mp4
=> using pre-trained model 'flownets'
/central/groups/tensorlab/rbao/robosurgery/balint_data/classification_data/CD/01011111_BSP_2_CD_03.mp4
=> using pre-trained model 'flownets'
/central/groups/tensorlab/rbao/robosurgery/balint_data/classification_data/CD/01111000_BSP_3_CD_03.mp4
=> using pre-trained model 'flownets'
/central/groups/tensorlab/rbao/robosurgery/balint_data/classification_data/CD/01011111_BSP_2_CD_01.mp4
=> using pre-trained model 'flownets'
/central/groups/tensorlab/rbao/robosurgery/balint_data/classification_data/CD/01111000_BSP_2_CD_02.mp4
=> using pre-trained model 'flownets'
/central/groups/tensorlab/rbao/robosurgery/balint_data/classification_data/CD/01111000_BSP_2_CD_06.mp4
=> using pre-trained model 'flownets'
/central/groups/tensorlab/rbao/robosurgery/balint_data/classification_data/CD/01011111_BSP_2_CD_02.mp4
=> using pre-trained model 'flownets'
/central/groups/tensorlab/rbao/robosurgery/balint_data/classification_data/CD/01111000_BSP_3_CD_01.mp4
=> using pre-trained model 'flownets'
/central/groups/tensorlab/rbao/robosurgery/balint_data/classification_data/CD/00010110_BSP_3_CD_04.mp4
=> using pre-trained model 'flownets'
/central/groups/tensorlab/rbao/robosurgery/balint_data/classification_data/CD/01111000_BSP_2_CD_05.mp4
=> using pre-trained model 'flownets'
/central/groups/tensorlab/rbao/robosurgery/balint_data/classification_data/CD/01111000_BSP_3_CD_06.mp4
=> using pre-trained model 'flownets'
/central/groups/tensorlab/rbao/robosurgery/balint_data/classification_data/CD/00010110_BSP_3_CD_01.mp4
=> using pre-trained model 'flownets'
/central/groups/tensorlab/rbao/robosurgery/balint_data/classification_data/CD/01111000_BSP_3_CD_02.mp4
=> using pre-trained model 'flownets'
/central/groups/tensorlab/rbao/robosurgery/balint_data/classification_data/CD/01111000_BSP_2_CD_01.mp4
=> using pre-trained model 'flownets'
/central/groups/tensorlab/rbao/robosurgery/balint_data/classification_data/CD/01111000_BSP_3_CD_04.mp4
=> using pre-trained model 'flownets'
/central/groups/tensorlab/rbao/robosurgery/balint_data/classification_data/CD/00010110_BSP_3_CD_03.mp4
=> using pre-trained model 'flownets'
/central/groups/tensorlab/rbao/robosurgery/balint_data/classification_data/CD/00010110_BSP_3_CD_02.mp4
=> using pre-trained model 'flownets'
/central/groups/tensorlab/rbao/robosurgery/balint_data/classification_data/CD/00010110_BSP_3_CD_05.mp4
=> using pre-trained model 'flownets'
/central/groups/tensorlab/rbao/robosurgery/balint_data/classification_data/CD/01111000_BSP_3_CD_05.mp4
=> using pre-trained model 'flownets'
/central/groups/tensorlab/rbao/robosurgery/balint_data/classification_data/EF/01111000_BSP_2_EF_03.mp4
=> using pre-trained model 'flownets'
/central/groups/tensorlab/rbao/robosurgery/balint_data/classification_data/EF/01111000_BSP_2_EF_05.mp4
=> using pre-trained model 'flownets'
/central/groups/tensorlab/rbao/robosurgery/balint_data/classification_data/EF/01111000_BSP_3_EF_06.mp4
=> using pre-trained model 'flownets'
/central/groups/tensorlab/rbao/robosurgery/balint_data/classification_data/EF/01111000_BSP_2_EF_06.mp4
=> using pre-trained model 'flownets'
/central/groups/tensorlab/rbao/robosurgery/balint_data/classification_data/EF/01111000_BSP_3_EF_05.mp4
=> using pre-trained model 'flownets'
/central/groups/tensorlab/rbao/robosurgery/balint_data/classification_data/EF/00010110_BSP_3_EF_02.mp4
=> using pre-trained model 'flownets'
/central/groups/tensorlab/rbao/robosurgery/balint_data/classification_data/EF/01111000_BSP_3_EF_03.mp4
=> using pre-trained model 'flownets'
/central/groups/tensorlab/rbao/robosurgery/balint_data/classification_data/EF/01011111_BSP_2_EF_02.mp4
=> using pre-trained model 'flownets'
/central/groups/tensorlab/rbao/robosurgery/balint_data/classification_data/EF/01111000_BSP_3_EF_01.mp4
=> using pre-trained model 'flownets'
/central/groups/tensorlab/rbao/robosurgery/balint_data/classification_data/EF/01011111_BSP_2_EF_01.mp4
=> using pre-trained model 'flownets'
/central/groups/tensorlab/rbao/robosurgery/balint_data/classification_data/EF/00010110_BSP_3_EF_03.mp4
=> using pre-trained model 'flownets'
/central/groups/tensorlab/rbao/robosurgery/balint_data/classification_data/EF/01111000_BSP_2_EF_04.mp4
=> using pre-trained model 'flownets'
/central/groups/tensorlab/rbao/robosurgery/balint_data/classification_data/EF/01111000_BSP_2_EF_02.mp4
=> using pre-trained model 'flownets'
/central/groups/tensorlab/rbao/robosurgery/balint_data/classification_data/EF/00010110_BSP_3_EF_01.mp4
=> using pre-trained model 'flownets'
/central/groups/tensorlab/rbao/robosurgery/balint_data/classification_data/EF/01111000_BSP_2_EF_01.mp4
=> using pre-trained model 'flownets'
/central/groups/tensorlab/rbao/robosurgery/balint_data/classification_data/EF/00010110_BSP_3_EF_05.mp4
=> using pre-trained model 'flownets'
/central/groups/tensorlab/rbao/robosurgery/balint_data/classification_data/EF/00010110_BSP_3_EF_06.mp4
=> using pre-trained model 'flownets'
/central/groups/tensorlab/rbao/robosurgery/balint_data/classification_data/EF/00010110_BSP_3_EF_04.mp4
=> using pre-trained model 'flownets'
/central/groups/tensorlab/rbao/robosurgery/balint_data/classification_data/EF/01111000_BSP_3_EF_02.mp4
=> using pre-trained model 'flownets'
/central/groups/tensorlab/rbao/robosurgery/balint_data/classification_data/EF/01111000_BSP_3_EF_04.mp4
=> using pre-trained model 'flownets'
/central/groups/tensorlab/rbao/robosurgery/balint_data/classification_data/BC/00010110_BSP_3_BC_04.mp4
=> using pre-trained model 'flownets'
/central/groups/tensorlab/rbao/robosurgery/balint_data/classification_data/BC/01111000_BSP_3_BC_02.mp4
=> using pre-trained model 'flownets'
/central/groups/tensorlab/rbao/robosurgery/balint_data/classification_data/BC/01111000_BSP_2_BC_06.mp4
=> using pre-trained model 'flownets'
/central/groups/tensorlab/rbao/robosurgery/balint_data/classification_data/BC/01011111_BSP_2_BC_01.mp4
=> using pre-trained model 'flownets'
/central/groups/tensorlab/rbao/robosurgery/balint_data/classification_data/BC/00010110_BSP_3_BC_03.mp4
=> using pre-trained model 'flownets'
/central/groups/tensorlab/rbao/robosurgery/balint_data/classification_data/BC/01011111_BSP_2_BC_03.mp4
=> using pre-trained model 'flownets'
/central/groups/tensorlab/rbao/robosurgery/balint_data/classification_data/BC/01111000_BSP_3_BC_03.mp4
=> using pre-trained model 'flownets'
/central/groups/tensorlab/rbao/robosurgery/balint_data/classification_data/BC/01111000_BSP_3_BC_01.mp4
=> using pre-trained model 'flownets'
/central/groups/tensorlab/rbao/robosurgery/balint_data/classification_data/BC/01111000_BSP_2_BC_05.mp4
=> using pre-trained model 'flownets'
/central/groups/tensorlab/rbao/robosurgery/balint_data/classification_data/BC/01111000_BSP_2_BC_02.mp4
=> using pre-trained model 'flownets'
/central/groups/tensorlab/rbao/robosurgery/balint_data/classification_data/BC/01111000_BSP_2_BC_04.mp4
=> using pre-trained model 'flownets'
/central/groups/tensorlab/rbao/robosurgery/balint_data/classification_data/BC/01111000_BSP_3_BC_06.mp4
=> using pre-trained model 'flownets'
/central/groups/tensorlab/rbao/robosurgery/balint_data/classification_data/BC/00010110_BSP_3_BC_05.mp4
=> using pre-trained model 'flownets'
/central/groups/tensorlab/rbao/robosurgery/balint_data/classification_data/BC/00010110_BSP_3_BC_06.mp4
=> using pre-trained model 'flownets'
/central/groups/tensorlab/rbao/robosurgery/balint_data/classification_data/BC/01011111_BSP_2_BC_02.mp4
=> using pre-trained model 'flownets'
/central/groups/tensorlab/rbao/robosurgery/balint_data/classification_data/BC/00010110_BSP_3_BC_02.mp4
=> using pre-trained model 'flownets'
/central/groups/tensorlab/rbao/robosurgery/balint_data/classification_data/BC/01111000_BSP_3_BC_04.mp4
=> using pre-trained model 'flownets'
/central/groups/tensorlab/rbao/robosurgery/balint_data/classification_data/BC/01111000_BSP_2_BC_01.mp4
=> using pre-trained model 'flownets'
/central/groups/tensorlab/rbao/robosurgery/balint_data/classification_data/BC/01111000_BSP_3_BC_05.mp4
=> using pre-trained model 'flownets'
/central/groups/tensorlab/rbao/robosurgery/balint_data/classification_data/BC/01111000_BSP_2_BC_03.mp4
=> using pre-trained model 'flownets'
/central/groups/tensorlab/rbao/robosurgery/balint_data/classification_data/BC/00010110_BSP_3_BC_01.mp4
=> using pre-trained model 'flownets'
/central/groups/tensorlab/rbao/robosurgery/balint_data/classification_data/DE/01111000_BSP_3_DE_01.mp4
=> using pre-trained model 'flownets'
/central/groups/tensorlab/rbao/robosurgery/balint_data/classification_data/DE/01111000_BSP_3_DE_06.mp4
=> using pre-trained model 'flownets'
/central/groups/tensorlab/rbao/robosurgery/balint_data/classification_data/DE/00010110_BSP_3_DE_01.mp4
=> using pre-trained model 'flownets'
/central/groups/tensorlab/rbao/robosurgery/balint_data/classification_data/DE/00010110_BSP_3_DE_06.mp4
=> using pre-trained model 'flownets'
/central/groups/tensorlab/rbao/robosurgery/balint_data/classification_data/DE/01111000_BSP_2_DE_02.mp4
=> using pre-trained model 'flownets'
/central/groups/tensorlab/rbao/robosurgery/balint_data/classification_data/DE/01111000_BSP_2_DE_05.mp4
=> using pre-trained model 'flownets'
/central/groups/tensorlab/rbao/robosurgery/balint_data/classification_data/DE/01111000_BSP_3_DE_03.mp4
=> using pre-trained model 'flownets'
/central/groups/tensorlab/rbao/robosurgery/balint_data/classification_data/DE/01111000_BSP_3_DE_02.mp4
=> using pre-trained model 'flownets'
/central/groups/tensorlab/rbao/robosurgery/balint_data/classification_data/DE/01111000_BSP_2_DE_06.mp4
=> using pre-trained model 'flownets'
/central/groups/tensorlab/rbao/robosurgery/balint_data/classification_data/DE/00010110_BSP_3_DE_05.mp4
=> using pre-trained model 'flownets'
/central/groups/tensorlab/rbao/robosurgery/balint_data/classification_data/DE/01111000_BSP_3_DE_05.mp4
=> using pre-trained model 'flownets'
/central/groups/tensorlab/rbao/robosurgery/balint_data/classification_data/DE/00010110_BSP_3_DE_04.mp4
=> using pre-trained model 'flownets'
/central/groups/tensorlab/rbao/robosurgery/balint_data/classification_data/DE/01011111_BSP_2_DE_01.mp4
=> using pre-trained model 'flownets'
/central/groups/tensorlab/rbao/robosurgery/balint_data/classification_data/DE/00010110_BSP_3_DE_02.mp4
=> using pre-trained model 'flownets'
/central/groups/tensorlab/rbao/robosurgery/balint_data/classification_data/DE/01111000_BSP_2_DE_03.mp4
=> using pre-trained model 'flownets'
/central/groups/tensorlab/rbao/robosurgery/balint_data/classification_data/DE/01111000_BSP_3_DE_04.mp4
=> using pre-trained model 'flownets'
/central/groups/tensorlab/rbao/robosurgery/balint_data/classification_data/DE/01011111_BSP_2_DE_02.mp4
=> using pre-trained model 'flownets'
/central/groups/tensorlab/rbao/robosurgery/balint_data/classification_data/DE/01111000_BSP_2_DE_04.mp4
=> using pre-trained model 'flownets'
/central/groups/tensorlab/rbao/robosurgery/balint_data/classification_data/DE/00010110_BSP_3_DE_03.mp4
=> using pre-trained model 'flownets'
/central/groups/tensorlab/rbao/robosurgery/balint_data/classification_data/DE/01111000_BSP_2_DE_01.mp4
=> using pre-trained model 'flownets'
