Sun Sep  6 22:39:18 2020       
+-----------------------------------------------------------------------------+
| NVIDIA-SMI 450.51.06    Driver Version: 450.51.06    CUDA Version: 11.0     |
|-------------------------------+----------------------+----------------------+
| GPU  Name        Persistence-M| Bus-Id        Disp.A | Volatile Uncorr. ECC |
| Fan  Temp  Perf  Pwr:Usage/Cap|         Memory-Usage | GPU-Util  Compute M. |
|                               |                      |               MIG M. |
|===============================+======================+======================|
|   0  Tesla P100-PCIE...  Off  | 00000000:05:00.0 Off |                    0 |
| N/A   21C    P0    28W / 250W |      0MiB / 16280MiB |      0%      Default |
|                               |                      |                  N/A |
+-------------------------------+----------------------+----------------------+
                                                                               
+-----------------------------------------------------------------------------+
| Processes:                                                                  |
|  GPU   GI   CI        PID   Type   Process name                  GPU Memory |
|        ID   ID                                                   Usage      |
|=============================================================================|
|  No running processes found                                                 |
+-----------------------------------------------------------------------------+
Environment activated, running file....
==> creating model FUSION 'alexnet' 'LSTM'
Logging to: lightning_logs
Counter({1: 685, 0: 331})
balancing...
0 331
1 685
Counter({1: 686, 0: 685})
Classes now balanced
Training: 0it [00:00, ?it/s]Training:   0%|          | 0/1625 [00:00<?, ?it/s]Epoch 1:   0%|          | 0/1625 [00:00<?, ?it/s] Epoch 1:   0%|          | 1/1625 [00:24<10:51:42, 24.08s/it]Epoch 1:   0%|          | 1/1625 [00:24<10:51:43, 24.08s/it, loss=0.811, v_num=0]==> creating model FUSION 'alexnet' 'convLSTM'
Logging to: lightning_logs
Counter({1: 685, 0: 331})
balancing...
0 331
1 685
Counter({1: 686, 0: 685})
Classes now balanced
Training: 0it [00:00, ?it/s]Training:   0%|          | 0/1625 [00:00<?, ?it/s]Epoch 1:   0%|          | 0/1625 [00:00<?, ?it/s] ==> creating model FUSION 'resnet18' 'LSTM'
Logging to: lightning_logs
Counter({1: 685, 0: 331})
balancing...
0 331
1 685
Counter({1: 686, 0: 685})
Classes now balanced
Training: 0it [00:00, ?it/s]Training:   0%|          | 0/1625 [00:00<?, ?it/s]Epoch 1:   0%|          | 0/1625 [00:00<?, ?it/s] Epoch 1:   0%|          | 1/1625 [00:21<9:35:43, 21.27s/it]Epoch 1:   0%|          | 1/1625 [00:21<9:35:45, 21.27s/it, loss=0.846, v_num=0]==> creating model FUSION 'resnet18' 'convLSTM'
Logging to: lightning_logs
Counter({1: 685, 0: 331})
balancing...
0 331
1 685
Counter({1: 686, 0: 685})
Classes now balanced
Training: 0it [00:00, ?it/s]Training:   0%|          | 0/1625 [00:00<?, ?it/s]Epoch 1:   0%|          | 0/1625 [00:00<?, ?it/s] 