GPU available: True, used: True
TPU available: False, using: 0 TPU cores
CUDA_VISIBLE_DEVICES: [0]
/central/groups/tensorlab/rbao/anaconda/tensor/lib/python3.6/site-packages/pytorch_lightning/utilities/distributed.py:25: RuntimeWarning: You have defined a `val_dataloader()` and have defined a `validation_step()`, you may also want to define `validation_epoch_end()` for accumulating stats.
  warnings.warn(*args, **kwargs)
Set SLURM handle signals.

  | Name         | Type         | Params
----------------------------------------------
0 | features_rgb | Sequential   | 2 M   
1 | features_of  | Sequential   | 2 M   
2 | rnn          | ConvLSTMCell | 1 M   
3 | fc           | Linear       | 9 K   

Epoch 00013: val_acc reached 0.76777 (best 0.76777), saving model to /central/groups/tensorlab/rbao/robosurgery/checkpoints/task1/one_stream/AB_BC_CE_FG/_ckpt_epoch_13_v0.ckpt as top 3

Epoch 00014: val_acc reached 0.62559 (best 0.62559), saving model to /central/groups/tensorlab/rbao/robosurgery/checkpoints/task1/one_stream/AB_BC_CE_FG/_ckpt_epoch_14.ckpt as top 3

Epoch 00000: val_acc reached 0.52607 (best 0.52607), saving model to /central/groups/tensorlab/rbao/robosurgery/checkpoints/task1/one_stream/AB_BC_CE_FG/_ckpt_epoch_0.ckpt as top 3

Epoch 00000: val_acc reached 0.61137 (best 0.61137), saving model to /central/groups/tensorlab/rbao/robosurgery/checkpoints/task1/one_stream/AB_BC_CE_FG/_ckpt_epoch_0_v0.ckpt as top 3

Epoch 00015: val_acc reached 0.78199 (best 0.80569), saving model to /central/groups/tensorlab/rbao/robosurgery/checkpoints/task1/two_stream/AB_BC_CE_FG/_ckpt_epoch_15.ckpt as top 3

Epoch 00000: val_acc reached 0.66825 (best 0.66825), saving model to /central/groups/tensorlab/rbao/robosurgery/checkpoints/task1/two_stream/AB_BC_CE_FG/_ckpt_epoch_0.ckpt as top 3

Epoch 00014: val_acc  was not in top 3

Epoch 00015: val_acc  was not in top 3

Epoch 00001: val_acc reached 0.48341 (best 0.52607), saving model to /central/groups/tensorlab/rbao/robosurgery/checkpoints/task1/one_stream/AB_BC_CE_FG/_ckpt_epoch_1.ckpt as top 3

Epoch 00001: val_acc reached 0.59716 (best 0.61137), saving model to /central/groups/tensorlab/rbao/robosurgery/checkpoints/task1/one_stream/AB_BC_CE_FG/_ckpt_epoch_1_v0.ckpt as top 3

Epoch 00001: val_acc reached 0.70616 (best 0.70616), saving model to /central/groups/tensorlab/rbao/robosurgery/checkpoints/task1/two_stream/AB_BC_CE_FG/_ckpt_epoch_1.ckpt as top 3

Epoch 00016: val_acc  was not in top 3

Epoch 00015: val_acc reached 0.75355 (best 0.76777), saving model to /central/groups/tensorlab/rbao/robosurgery/checkpoints/task1/one_stream/AB_BC_CE_FG/_ckpt_epoch_15.ckpt as top 3

Epoch 00002: val_acc reached 0.55450 (best 0.55450), saving model to /central/groups/tensorlab/rbao/robosurgery/checkpoints/task1/one_stream/AB_BC_CE_FG/_ckpt_epoch_2.ckpt as top 3

Epoch 00002: val_acc reached 0.66351 (best 0.66351), saving model to /central/groups/tensorlab/rbao/robosurgery/checkpoints/task1/one_stream/AB_BC_CE_FG/_ckpt_epoch_2_v0.ckpt as top 3

Epoch 00016: val_acc  was not in top 3

Epoch 00002: val_acc reached 0.73460 (best 0.73460), saving model to /central/groups/tensorlab/rbao/robosurgery/checkpoints/task1/two_stream/AB_BC_CE_FG/_ckpt_epoch_2.ckpt as top 3

Epoch 00017: val_acc  was not in top 3

Epoch 00016: val_acc  was not in top 3

Epoch 00003: val_acc reached 0.60190 (best 0.60190), saving model to /central/groups/tensorlab/rbao/robosurgery/checkpoints/task1/one_stream/AB_BC_CE_FG/_ckpt_epoch_3.ckpt as top 3

Epoch 00003: val_acc reached 0.64455 (best 0.66351), saving model to /central/groups/tensorlab/rbao/robosurgery/checkpoints/task1/one_stream/AB_BC_CE_FG/_ckpt_epoch_3_v0.ckpt as top 3

Epoch 00017: val_acc  was not in top 3

Epoch 00003: val_acc reached 0.72038 (best 0.73460), saving model to /central/groups/tensorlab/rbao/robosurgery/checkpoints/task1/two_stream/AB_BC_CE_FG/_ckpt_epoch_3.ckpt as top 3

Epoch 00018: val_acc  was not in top 3

Epoch 00017: val_acc reached 0.75829 (best 0.76777), saving model to /central/groups/tensorlab/rbao/robosurgery/checkpoints/task1/one_stream/AB_BC_CE_FG/_ckpt_epoch_17.ckpt as top 3

Epoch 00004: val_acc reached 0.54502 (best 0.60190), saving model to /central/groups/tensorlab/rbao/robosurgery/checkpoints/task1/one_stream/AB_BC_CE_FG/_ckpt_epoch_4.ckpt as top 3

Epoch 00004: val_acc reached 0.71564 (best 0.71564), saving model to /central/groups/tensorlab/rbao/robosurgery/checkpoints/task1/one_stream/AB_BC_CE_FG/_ckpt_epoch_4_v0.ckpt as top 3

Epoch 00004: val_acc  was not in top 3

Epoch 00018: val_acc  was not in top 3

Epoch 00019: val_acc  was not in top 3

Epoch 00018: val_acc  was not in top 3

Epoch 00005: val_acc reached 0.56872 (best 0.60190), saving model to /central/groups/tensorlab/rbao/robosurgery/checkpoints/task1/one_stream/AB_BC_CE_FG/_ckpt_epoch_5.ckpt as top 3

Epoch 00005: val_acc reached 0.72986 (best 0.72986), saving model to /central/groups/tensorlab/rbao/robosurgery/checkpoints/task1/one_stream/AB_BC_CE_FG/_ckpt_epoch_5_v0.ckpt as top 3

Epoch 00005: val_acc  was not in top 3

Epoch 00019: val_acc reached 0.62559 (best 0.62559), saving model to /central/groups/tensorlab/rbao/robosurgery/checkpoints/task1/one_stream/AB_BC_CE_FG/_ckpt_epoch_19.ckpt as top 3

Epoch 00019: val_acc  was not in top 3

Epoch 00020: val_acc  was not in top 3

Epoch 00006: val_acc reached 0.61137 (best 0.61137), saving model to /central/groups/tensorlab/rbao/robosurgery/checkpoints/task1/one_stream/AB_BC_CE_FG/_ckpt_epoch_6.ckpt as top 3

Epoch 00006: val_acc reached 0.77251 (best 0.77251), saving model to /central/groups/tensorlab/rbao/robosurgery/checkpoints/task1/one_stream/AB_BC_CE_FG/_ckpt_epoch_6_v0.ckpt as top 3

Epoch 00006: val_acc reached 0.75829 (best 0.75829), saving model to /central/groups/tensorlab/rbao/robosurgery/checkpoints/task1/two_stream/AB_BC_CE_FG/_ckpt_epoch_6.ckpt as top 3

Epoch 00020: val_acc  was not in top 3

Epoch 00020: val_acc  was not in top 3

Epoch 00021: val_acc  was not in top 3

Epoch 00007: val_acc reached 0.64929 (best 0.64929), saving model to /central/groups/tensorlab/rbao/robosurgery/checkpoints/task1/one_stream/AB_BC_CE_FG/_ckpt_epoch_7.ckpt as top 3

Epoch 00007: val_acc reached 0.72512 (best 0.77251), saving model to /central/groups/tensorlab/rbao/robosurgery/checkpoints/task1/one_stream/AB_BC_CE_FG/_ckpt_epoch_7_v0.ckpt as top 3

Epoch 00007: val_acc reached 0.74408 (best 0.75829), saving model to /central/groups/tensorlab/rbao/robosurgery/checkpoints/task1/two_stream/AB_BC_CE_FG/_ckpt_epoch_7.ckpt as top 3

Epoch 00021: val_acc  was not in top 3

Epoch 00021: val_acc  was not in top 3

Epoch 00022: val_acc  was not in top 3

Epoch 00008: val_acc reached 0.62085 (best 0.64929), saving model to /central/groups/tensorlab/rbao/robosurgery/checkpoints/task1/one_stream/AB_BC_CE_FG/_ckpt_epoch_8.ckpt as top 3

Epoch 00008: val_acc reached 0.73460 (best 0.77251), saving model to /central/groups/tensorlab/rbao/robosurgery/checkpoints/task1/one_stream/AB_BC_CE_FG/_ckpt_epoch_8_v0.ckpt as top 3

Epoch 00008: val_acc reached 0.77251 (best 0.77251), saving model to /central/groups/tensorlab/rbao/robosurgery/checkpoints/task1/two_stream/AB_BC_CE_FG/_ckpt_epoch_8.ckpt as top 3

Epoch 00022: val_acc  was not in top 3

Epoch 00022: val_acc  was not in top 3

Epoch 00023: val_acc reached 0.79147 (best 0.80569), saving model to /central/groups/tensorlab/rbao/robosurgery/checkpoints/task1/two_stream/AB_BC_CE_FG/_ckpt_epoch_23.ckpt as top 3

Epoch 00009: val_acc  was not in top 3

Epoch 00009: val_acc  was not in top 3

Epoch 00009: val_acc reached 0.76303 (best 0.77251), saving model to /central/groups/tensorlab/rbao/robosurgery/checkpoints/task1/two_stream/AB_BC_CE_FG/_ckpt_epoch_9_v0.ckpt as top 3

Epoch 00023: val_acc  was not in top 3

Epoch 00023: val_acc  was not in top 3

Epoch 00024: val_acc  was not in top 3
lightning_train.py:302: RuntimeWarning: More than 20 figures have been opened. Figures created through the pyplot interface (`matplotlib.pyplot.figure`) are retained until explicitly closed and may consume too much memory. (To control this warning, see the rcParam `figure.max_open_warning`).
  fig = plt.figure(); sns.heatmap(cm, cmap = cmap_use, ax =plt.gca(), annot = True, xticklabels = self.hparams.include_classes, yticklabels = self.hparams.include_classes)

Epoch 00010: val_acc  was not in top 3
lightning_train.py:302: RuntimeWarning: More than 20 figures have been opened. Figures created through the pyplot interface (`matplotlib.pyplot.figure`) are retained until explicitly closed and may consume too much memory. (To control this warning, see the rcParam `figure.max_open_warning`).
  fig = plt.figure(); sns.heatmap(cm, cmap = cmap_use, ax =plt.gca(), annot = True, xticklabels = self.hparams.include_classes, yticklabels = self.hparams.include_classes)

Epoch 00010: val_acc  was not in top 3
lightning_train.py:292: RuntimeWarning: More than 20 figures have been opened. Figures created through the pyplot interface (`matplotlib.pyplot.figure`) are retained until explicitly closed and may consume too much memory. (To control this warning, see the rcParam `figure.max_open_warning`).
  fig = plt.figure(); sns.heatmap(cm, cmap = cmap_use, ax =plt.gca(), annot = True, xticklabels = self.hparams.include_classes, yticklabels = self.hparams.include_classes)

Epoch 00010: val_acc reached 0.76777 (best 0.77251), saving model to /central/groups/tensorlab/rbao/robosurgery/checkpoints/task1/two_stream/AB_BC_CE_FG/_ckpt_epoch_10.ckpt as top 3

Epoch 00024: val_acc  was not in top 3

Epoch 00024: val_acc  was not in top 3

Epoch 00011: val_acc reached 0.61611 (best 0.64929), saving model to /central/groups/tensorlab/rbao/robosurgery/checkpoints/task1/one_stream/AB_BC_CE_FG/_ckpt_epoch_11.ckpt as top 3

Epoch 00025: val_acc  was not in top 3

Epoch 00011: val_acc reached 0.73934 (best 0.77251), saving model to /central/groups/tensorlab/rbao/robosurgery/checkpoints/task1/one_stream/AB_BC_CE_FG/_ckpt_epoch_11_v0.ckpt as top 3

Epoch 00011: val_acc reached 0.77251 (best 0.77251), saving model to /central/groups/tensorlab/rbao/robosurgery/checkpoints/task1/two_stream/AB_BC_CE_FG/_ckpt_epoch_11.ckpt as top 3

Epoch 00025: val_acc reached 0.75829 (best 0.76777), saving model to /central/groups/tensorlab/rbao/robosurgery/checkpoints/task1/one_stream/AB_BC_CE_FG/_ckpt_epoch_25.ckpt as top 3

Epoch 00025: val_acc reached 0.63033 (best 0.63033), saving model to /central/groups/tensorlab/rbao/robosurgery/checkpoints/task1/one_stream/AB_BC_CE_FG/_ckpt_epoch_25_v0.ckpt as top 3

Epoch 00012: val_acc  was not in top 3

Epoch 00012: val_acc  was not in top 3

Epoch 00012: val_acc reached 0.78199 (best 0.78199), saving model to /central/groups/tensorlab/rbao/robosurgery/checkpoints/task1/two_stream/AB_BC_CE_FG/_ckpt_epoch_12.ckpt as top 3

Epoch 00026: val_acc reached 0.78673 (best 0.80569), saving model to /central/groups/tensorlab/rbao/robosurgery/checkpoints/task1/two_stream/AB_BC_CE_FG/_ckpt_epoch_26.ckpt as top 3

Epoch 00026: val_acc  was not in top 3

Epoch 00013: val_acc reached 0.62085 (best 0.64929), saving model to /central/groups/tensorlab/rbao/robosurgery/checkpoints/task1/one_stream/AB_BC_CE_FG/_ckpt_epoch_13.ckpt as top 3

Epoch 00026: val_acc  was not in top 3

Epoch 00013: val_acc reached 0.78199 (best 0.78199), saving model to /central/groups/tensorlab/rbao/robosurgery/checkpoints/task1/two_stream/AB_BC_CE_FG/_ckpt_epoch_13.ckpt as top 3

Epoch 00013: val_acc  was not in top 3

Epoch 00027: val_acc reached 0.80095 (best 0.80569), saving model to /central/groups/tensorlab/rbao/robosurgery/checkpoints/task1/two_stream/AB_BC_CE_FG/_ckpt_epoch_27.ckpt as top 3

Epoch 00027: val_acc  was not in top 3

Epoch 00014: val_acc reached 0.79147 (best 0.79147), saving model to /central/groups/tensorlab/rbao/robosurgery/checkpoints/task1/two_stream/AB_BC_CE_FG/_ckpt_epoch_14.ckpt as top 3

Epoch 00014: val_acc  was not in top 3

Epoch 00027: val_acc  was not in top 3

Epoch 00014: val_acc  was not in top 3

Epoch 00028: val_acc reached 0.80569 (best 0.80569), saving model to /central/groups/tensorlab/rbao/robosurgery/checkpoints/task1/two_stream/AB_BC_CE_FG/_ckpt_epoch_28.ckpt as top 3

Epoch 00028: val_acc  was not in top 3

Epoch 00015: val_acc  was not in top 3

Epoch 00015: val_acc reached 0.64455 (best 0.64929), saving model to /central/groups/tensorlab/rbao/robosurgery/checkpoints/task1/one_stream/AB_BC_CE_FG/_ckpt_epoch_15.ckpt as top 3

Epoch 00015: val_acc reached 0.74408 (best 0.77251), saving model to /central/groups/tensorlab/rbao/robosurgery/checkpoints/task1/one_stream/AB_BC_CE_FG/_ckpt_epoch_15_v0.ckpt as top 3

Epoch 00028: val_acc  was not in top 3

Epoch 00029: val_acc  was not in top 3

Epoch 00029: val_acc  was not in top 3

Epoch 00016: val_acc reached 0.79621 (best 0.79621), saving model to /central/groups/tensorlab/rbao/robosurgery/checkpoints/task1/two_stream/AB_BC_CE_FG/_ckpt_epoch_16.ckpt as top 3

Epoch 00016: val_acc reached 0.63033 (best 0.64929), saving model to /central/groups/tensorlab/rbao/robosurgery/checkpoints/task1/one_stream/AB_BC_CE_FG/_ckpt_epoch_16.ckpt as top 3

Epoch 00016: val_acc reached 0.76303 (best 0.77251), saving model to /central/groups/tensorlab/rbao/robosurgery/checkpoints/task1/one_stream/AB_BC_CE_FG/_ckpt_epoch_16_v0.ckpt as top 3

Epoch 00029: val_acc  was not in top 3

Epoch 00030: val_acc  was not in top 3

Epoch 00030: val_acc  was not in top 3

Epoch 00017: val_acc  was not in top 3

Epoch 00017: val_acc  was not in top 3

Epoch 00017: val_acc reached 0.74882 (best 0.77251), saving model to /central/groups/tensorlab/rbao/robosurgery/checkpoints/task1/one_stream/AB_BC_CE_FG/_ckpt_epoch_17_v0.ckpt as top 3

Epoch 00030: val_acc  was not in top 3

Epoch 00031: val_acc  was not in top 3

Epoch 00031: val_acc  was not in top 3

Epoch 00018: val_acc reached 0.80569 (best 0.80569), saving model to /central/groups/tensorlab/rbao/robosurgery/checkpoints/task1/two_stream/AB_BC_CE_FG/_ckpt_epoch_18.ckpt as top 3

Epoch 00018: val_acc  was not in top 3

Epoch 00018: val_acc reached 0.75355 (best 0.77251), saving model to /central/groups/tensorlab/rbao/robosurgery/checkpoints/task1/one_stream/AB_BC_CE_FG/_ckpt_epoch_18.ckpt as top 3

Epoch 00031: val_acc  was not in top 3

Epoch 00019: val_acc  was not in top 3

Epoch 00032: val_acc  was not in top 3

Epoch 00032: val_acc  was not in top 3

Epoch 00019: val_acc  was not in top 3

Epoch 00019: val_acc  was not in top 3

Epoch 00020: val_acc  was not in top 3

Epoch 00032: val_acc reached 0.63033 (best 0.63033), saving model to /central/groups/tensorlab/rbao/robosurgery/checkpoints/task1/one_stream/AB_BC_CE_FG/_ckpt_epoch_32.ckpt as top 3

Epoch 00033: val_acc  was not in top 3

Epoch 00033: val_acc  was not in top 3

Epoch 00020: val_acc  was not in top 3

Epoch 00020: val_acc  was not in top 3

Epoch 00021: val_acc  was not in top 3

Epoch 00033: val_acc  was not in top 3

Epoch 00034: val_acc  was not in top 3

Epoch 00034: val_acc  was not in top 3

Epoch 00021: val_acc  was not in top 3

Epoch 00021: val_acc  was not in top 3

Epoch 00022: val_acc  was not in top 3

Epoch 00035: val_acc  was not in top 3

Epoch 00034: val_acc  was not in top 3

Epoch 00035: val_acc  was not in top 3

Epoch 00022: val_acc  was not in top 3

Epoch 00022: val_acc  was not in top 3

Epoch 00023: val_acc  was not in top 3

Epoch 00036: val_acc  was not in top 3

Epoch 00035: val_acc  was not in top 3

Epoch 00023: val_acc reached 0.64455 (best 0.64929), saving model to /central/groups/tensorlab/rbao/robosurgery/checkpoints/task1/one_stream/AB_BC_CE_FG/_ckpt_epoch_23.ckpt as top 3

Epoch 00036: val_acc  was not in top 3

Epoch 00023: val_acc  was not in top 3

Epoch 00024: val_acc  was not in top 3

Epoch 00037: val_acc  was not in top 3

Epoch 00036: val_acc reached 0.63981 (best 0.63981), saving model to /central/groups/tensorlab/rbao/robosurgery/checkpoints/task1/one_stream/AB_BC_CE_FG/_ckpt_epoch_36.ckpt as top 3

Epoch 00024: val_acc  was not in top 3

Epoch 00025: val_acc  was not in top 3

Epoch 00037: val_acc  was not in top 3

Epoch 00024: val_acc  was not in top 3

Epoch 00038: val_acc  was not in top 3

Epoch 00025: val_acc  was not in top 3

Epoch 00037: val_acc  was not in top 3

Epoch 00026: val_acc  was not in top 3

Epoch 00025: val_acc  was not in top 3

Epoch 00038: val_acc  was not in top 3

Epoch 00039: val_acc  was not in top 3

Epoch 00026: val_acc  was not in top 3

Epoch 00027: val_acc  was not in top 3

Epoch 00038: val_acc reached 0.63507 (best 0.63981), saving model to /central/groups/tensorlab/rbao/robosurgery/checkpoints/task1/one_stream/AB_BC_CE_FG/_ckpt_epoch_38.ckpt as top 3

Epoch 00026: val_acc reached 0.75829 (best 0.77251), saving model to /central/groups/tensorlab/rbao/robosurgery/checkpoints/task1/one_stream/AB_BC_CE_FG/_ckpt_epoch_26.ckpt as top 3

Epoch 00039: val_acc  was not in top 3

Epoch 00040: val_acc  was not in top 3

Epoch 00028: val_acc  was not in top 3

Epoch 00027: val_acc  was not in top 3

Epoch 00027: val_acc  was not in top 3

Epoch 00039: val_acc  was not in top 3

Epoch 00040: val_acc  was not in top 3

Epoch 00041: val_acc  was not in top 3

Epoch 00029: val_acc  was not in top 3
slurmstepd: error: *** JOB 11767459 ON hpc-23-32 CANCELLED AT 2020-10-16T03:39:19 DUE TO TIME LIMIT ***
slurmstepd: error: *** JOB 11767458 ON hpc-22-32 CANCELLED AT 2020-10-16T03:39:19 DUE TO TIME LIMIT ***
slurmstepd: error: *** JOB 11767460 ON hpc-24-30 CANCELLED AT 2020-10-16T03:39:19 DUE TO TIME LIMIT ***

Epoch 00028: val_acc  was not in top 3

Epoch 00028: val_acc  was not in top 3

Epoch 00030: val_acc  was not in top 3

Epoch 00029: val_acc  was not in top 3

Epoch 00029: val_acc reached 0.76303 (best 0.77251), saving model to /central/groups/tensorlab/rbao/robosurgery/checkpoints/task1/one_stream/AB_BC_CE_FG/_ckpt_epoch_29.ckpt as top 3

Epoch 00031: val_acc  was not in top 3

Epoch 00030: val_acc  was not in top 3

Epoch 00030: val_acc  was not in top 3

Epoch 00032: val_acc  was not in top 3

Epoch 00031: val_acc  was not in top 3

Epoch 00031: val_acc  was not in top 3

Epoch 00033: val_acc  was not in top 3

Epoch 00032: val_acc  was not in top 3

Epoch 00032: val_acc  was not in top 3

Epoch 00034: val_acc  was not in top 3

Epoch 00033: val_acc  was not in top 3

Epoch 00033: val_acc  was not in top 3

Epoch 00035: val_acc reached 0.80569 (best 0.80569), saving model to /central/groups/tensorlab/rbao/robosurgery/checkpoints/task1/two_stream/AB_BC_CE_FG/_ckpt_epoch_35.ckpt as top 3

Epoch 00034: val_acc  was not in top 3

Epoch 00034: val_acc  was not in top 3

Epoch 00036: val_acc  was not in top 3

Epoch 00035: val_acc  was not in top 3

Epoch 00035: val_acc  was not in top 3

Epoch 00037: val_acc  was not in top 3

Epoch 00036: val_acc  was not in top 3

Epoch 00036: val_acc  was not in top 3

Epoch 00038: val_acc  was not in top 3

Epoch 00037: val_acc  was not in top 3

Epoch 00037: val_acc  was not in top 3

Epoch 00039: val_acc  was not in top 3

Epoch 00038: val_acc  was not in top 3

Epoch 00038: val_acc  was not in top 3

Epoch 00040: val_acc  was not in top 3

Epoch 00039: val_acc  was not in top 3

Epoch 00039: val_acc reached 0.76777 (best 0.77251), saving model to /central/groups/tensorlab/rbao/robosurgery/checkpoints/task1/one_stream/AB_BC_CE_FG/_ckpt_epoch_39.ckpt as top 3

Epoch 00041: val_acc  was not in top 3

Epoch 00040: val_acc  was not in top 3

Epoch 00040: val_acc  was not in top 3

Epoch 00042: val_acc  was not in top 3

Epoch 00041: val_acc  was not in top 3

Epoch 00041: val_acc  was not in top 3

Epoch 00043: val_acc reached 0.82464 (best 0.82464), saving model to /central/groups/tensorlab/rbao/robosurgery/checkpoints/task1/two_stream/AB_BC_CE_FG/_ckpt_epoch_43.ckpt as top 3

Epoch 00042: val_acc reached 0.64929 (best 0.64929), saving model to /central/groups/tensorlab/rbao/robosurgery/checkpoints/task1/one_stream/AB_BC_CE_FG/_ckpt_epoch_42.ckpt as top 3

Epoch 00042: val_acc  was not in top 3

Epoch 00044: val_acc  was not in top 3

Epoch 00043: val_acc  was not in top 3

Epoch 00043: val_acc  was not in top 3

Epoch 00045: val_acc  was not in top 3

Epoch 00044: val_acc  was not in top 3
slurmstepd: error: *** JOB 11783428 ON hpc-23-32 CANCELLED AT 2020-10-16T11:59:01 DUE TO TIME LIMIT ***
slurmstepd: error: *** JOB 11783429 ON hpc-23-32 CANCELLED AT 2020-10-16T11:59:31 DUE TO TIME LIMIT ***
slurmstepd: error: *** JOB 11783462 ON hpc-25-20 CANCELLED AT 2020-10-16T11:59:31 DUE TO TIME LIMIT ***
